{"meta": {"format": 3, "version": "7.10.5", "timestamp": "2025-08-25T20:35:51.755115", "branch_coverage": false, "show_contexts": false}, "files": {"apps/llm-server/server/core/__init__.py": {"executed_lines": [1, 5], "summary": {"covered_lines": 1, "num_statements": 5, "percent_covered": 20.0, "percent_covered_display": "20", "missing_lines": 4, "excluded_lines": 0}, "missing_lines": [6, 7, 8, 10], "excluded_lines": [], "functions": {"": {"executed_lines": [1, 5], "summary": {"covered_lines": 1, "num_statements": 5, "percent_covered": 20.0, "percent_covered_display": "20", "missing_lines": 4, "excluded_lines": 0}, "missing_lines": [6, 7, 8, 10], "excluded_lines": []}}, "classes": {"": {"executed_lines": [1, 5], "summary": {"covered_lines": 1, "num_statements": 5, "percent_covered": 20.0, "percent_covered_display": "20", "missing_lines": 4, "excluded_lines": 0}, "missing_lines": [6, 7, 8, 10], "excluded_lines": []}}}, "apps/llm-server/server/core/agent_manager.py": {"executed_lines": [1, 6, 7, 8, 9, 10, 12], "summary": {"covered_lines": 6, "num_statements": 175, "percent_covered": 3.4285714285714284, "percent_covered_display": "3", "missing_lines": 169, "excluded_lines": 0}, "missing_lines": [23, 26, 29, 30, 31, 32, 33, 34, 35, 36, 38, 40, 41, 42, 44, 45, 48, 49, 50, 51, 53, 54, 55, 58, 60, 61, 62, 63, 65, 68, 69, 72, 73, 75, 76, 77, 84, 85, 86, 97, 99, 100, 102, 104, 106, 108, 117, 118, 120, 121, 123, 125, 126, 127, 129, 131, 132, 134, 135, 137, 139, 140, 141, 142, 144, 145, 146, 147, 148, 150, 152, 153, 155, 158, 159, 161, 162, 163, 164, 166, 167, 170, 173, 174, 176, 177, 178, 184, 186, 187, 193, 194, 200, 202, 203, 205, 206, 208, 211, 212, 214, 216, 218, 220, 222, 223, 224, 226, 233, 242, 244, 245, 247, 248, 251, 252, 253, 255, 257, 258, 260, 262, 264, 265, 266, 267, 268, 269, 270, 272, 275, 276, 278, 279, 289, 290, 292, 293, 296, 303, 305, 307, 312, 317, 318, 319, 324, 325, 327, 347, 349, 350, 352, 353, 356, 357, 358, 359, 360, 361, 364, 365, 366, 367, 369, 370, 372, 373, 375], "excluded_lines": [], "functions": {"AgentManager.__init__": {"executed_lines": [], "summary": {"covered_lines": 0, "num_statements": 7, "percent_covered": 0.0, "percent_covered_display": "0", "missing_lines": 7, "excluded_lines": 0}, "missing_lines": [30, 31, 32, 33, 34, 35, 36], "excluded_lines": []}, "AgentManager.initialize": {"executed_lines": [], "summary": {"covered_lines": 0, "num_statements": 31, "percent_covered": 0.0, "percent_covered_display": "0", "missing_lines": 31, "excluded_lines": 0}, "missing_lines": [40, 41, 42, 44, 45, 48, 49, 50, 51, 53, 54, 55, 58, 60, 61, 62, 63, 65, 68, 69, 72, 73, 75, 76, 77, 84, 85, 86, 97, 99, 100], "excluded_lines": []}, "AgentManager._initialize_agent": {"executed_lines": [], "summary": {"covered_lines": 0, "num_statements": 11, "percent_covered": 0.0, "percent_covered_display": "0", "missing_lines": 11, "excluded_lines": 0}, "missing_lines": [104, 106, 108, 117, 118, 120, 121, 123, 125, 126, 127], "excluded_lines": []}, "AgentManager._start_health_monitoring": {"executed_lines": [], "summary": {"covered_lines": 0, "num_statements": 4, "percent_covered": 0.0, "percent_covered_display": "0", "missing_lines": 4, "excluded_lines": 0}, "missing_lines": [131, 132, 134, 135], "excluded_lines": []}, "AgentManager._health_monitoring_loop": {"executed_lines": [], "summary": {"covered_lines": 0, "num_statements": 9, "percent_covered": 0.0, "percent_covered_display": "0", "missing_lines": 9, "excluded_lines": 0}, "missing_lines": [139, 140, 141, 142, 144, 145, 146, 147, 148], "excluded_lines": []}, "AgentManager._perform_health_checks": {"executed_lines": [], "summary": {"covered_lines": 0, "num_statements": 22, "percent_covered": 0.0, "percent_covered_display": "0", "missing_lines": 22, "excluded_lines": 0}, "missing_lines": [152, 153, 155, 158, 159, 161, 162, 163, 164, 166, 167, 170, 173, 174, 176, 177, 178, 184, 186, 187, 193, 194], "excluded_lines": []}, "AgentManager.get_agent": {"executed_lines": [], "summary": {"covered_lines": 0, "num_statements": 8, "percent_covered": 0.0, "percent_covered_display": "0", "missing_lines": 8, "excluded_lines": 0}, "missing_lines": [202, 203, 205, 206, 208, 211, 212, 214], "excluded_lines": []}, "AgentManager.get_agents_registry": {"executed_lines": [], "summary": {"covered_lines": 0, "num_statements": 1, "percent_covered": 0.0, "percent_covered_display": "0", "missing_lines": 1, "excluded_lines": 0}, "missing_lines": [218], "excluded_lines": []}, "AgentManager.get_agent_status": {"executed_lines": [], "summary": {"covered_lines": 0, "num_statements": 5, "percent_covered": 0.0, "percent_covered_display": "0", "missing_lines": 5, "excluded_lines": 0}, "missing_lines": [222, 223, 224, 226, 233], "excluded_lines": []}, "AgentManager.update_agent_stats": {"executed_lines": [], "summary": {"covered_lines": 0, "num_statements": 7, "percent_covered": 0.0, "percent_covered_display": "0", "missing_lines": 7, "excluded_lines": 0}, "missing_lines": [244, 245, 247, 248, 251, 252, 253], "excluded_lines": []}, "AgentManager.restart_agent": {"executed_lines": [], "summary": {"covered_lines": 0, "num_statements": 22, "percent_covered": 0.0, "percent_covered_display": "0", "missing_lines": 22, "excluded_lines": 0}, "missing_lines": [257, 258, 260, 262, 264, 265, 266, 267, 268, 269, 270, 272, 275, 276, 278, 279, 289, 290, 292, 293, 296, 303], "excluded_lines": []}, "AgentManager.get_system_stats": {"executed_lines": [], "summary": {"covered_lines": 0, "num_statements": 8, "percent_covered": 0.0, "percent_covered_display": "0", "missing_lines": 8, "excluded_lines": 0}, "missing_lines": [307, 312, 317, 318, 319, 324, 325, 327], "excluded_lines": []}, "AgentManager.shutdown": {"executed_lines": [], "summary": {"covered_lines": 0, "num_statements": 19, "percent_covered": 0.0, "percent_covered_display": "0", "missing_lines": 19, "excluded_lines": 0}, "missing_lines": [349, 350, 352, 353, 356, 357, 358, 359, 360, 361, 364, 365, 366, 367, 369, 370, 372, 373, 375], "excluded_lines": []}, "": {"executed_lines": [1, 6, 7, 8, 9, 10, 12], "summary": {"covered_lines": 6, "num_statements": 21, "percent_covered": 28.571428571428573, "percent_covered_display": "29", "missing_lines": 15, "excluded_lines": 0}, "missing_lines": [23, 26, 29, 38, 102, 129, 137, 150, 200, 216, 220, 242, 255, 305, 347], "excluded_lines": []}}, "classes": {"AgentManager": {"executed_lines": [], "summary": {"covered_lines": 0, "num_statements": 154, "percent_covered": 0.0, "percent_covered_display": "0", "missing_lines": 154, "excluded_lines": 0}, "missing_lines": [30, 31, 32, 33, 34, 35, 36, 40, 41, 42, 44, 45, 48, 49, 50, 51, 53, 54, 55, 58, 60, 61, 62, 63, 65, 68, 69, 72, 73, 75, 76, 77, 84, 85, 86, 97, 99, 100, 104, 106, 108, 117, 118, 120, 121, 123, 125, 126, 127, 131, 132, 134, 135, 139, 140, 141, 142, 144, 145, 146, 147, 148, 152, 153, 155, 158, 159, 161, 162, 163, 164, 166, 167, 170, 173, 174, 176, 177, 178, 184, 186, 187, 193, 194, 202, 203, 205, 206, 208, 211, 212, 214, 218, 222, 223, 224, 226, 233, 244, 245, 247, 248, 251, 252, 253, 257, 258, 260, 262, 264, 265, 266, 267, 268, 269, 270, 272, 275, 276, 278, 279, 289, 290, 292, 293, 296, 303, 307, 312, 317, 318, 319, 324, 325, 327, 349, 350, 352, 353, 356, 357, 358, 359, 360, 361, 364, 365, 366, 367, 369, 370, 372, 373, 375], "excluded_lines": []}, "": {"executed_lines": [1, 6, 7, 8, 9, 10, 12], "summary": {"covered_lines": 6, "num_statements": 21, "percent_covered": 28.571428571428573, "percent_covered_display": "29", "missing_lines": 15, "excluded_lines": 0}, "missing_lines": [23, 26, 29, 38, 102, 129, 137, 150, 200, 216, 220, 242, 255, 305, 347], "excluded_lines": []}}}, "apps/llm-server/server/main.py": {"executed_lines": [1, 6, 7, 8, 9, 10, 11, 13, 14, 15, 16, 17, 18, 20, 21], "summary": {"covered_lines": 14, "num_statements": 142, "percent_covered": 9.859154929577464, "percent_covered_display": "10", "missing_lines": 128, "excluded_lines": 0}, "missing_lines": [24, 31, 37, 40, 41, 42, 45, 48, 52, 53, 54, 55, 58, 59, 60, 61, 62, 63, 64, 67, 68, 69, 70, 73, 74, 77, 78, 81, 82, 84, 85, 86, 90, 91, 92, 93, 94, 97, 98, 102, 104, 105, 108, 109, 110, 111, 113, 114, 115, 116, 119, 120, 128, 131, 132, 133, 134, 137, 143, 146, 147, 148, 149, 150, 152, 155, 157, 158, 159, 163, 165, 166, 168, 169, 171, 172, 174, 175, 177, 178, 180, 183, 185, 188, 194, 205, 206, 214, 217, 218, 219, 222, 225, 228, 229, 232, 234, 237, 238, 239, 240, 242, 245, 246, 248, 250, 272, 273, 274, 276, 307, 311, 312, 314, 316, 320, 324, 325, 327, 342, 343, 345, 347, 362, 364, 366, 377, 378], "excluded_lines": [], "functions": {"lifespan": {"executed_lines": [], "summary": {"covered_lines": 0, "num_statements": 42, "percent_covered": 0.0, "percent_covered_display": "0", "missing_lines": 42, "excluded_lines": 0}, "missing_lines": [102, 104, 105, 108, 109, 110, 111, 113, 114, 115, 116, 119, 120, 128, 131, 132, 133, 134, 137, 143, 146, 147, 148, 149, 150, 152, 155, 157, 158, 159, 163, 165, 166, 168, 169, 171, 172, 174, 175, 177, 178, 180], "excluded_lines": []}, "create_app": {"executed_lines": [], "summary": {"covered_lines": 0, "num_statements": 18, "percent_covered": 0.0, "percent_covered_display": "0", "missing_lines": 18, "excluded_lines": 0}, "missing_lines": [185, 188, 194, 205, 206, 214, 217, 218, 237, 238, 239, 240, 242, 245, 246, 272, 314, 316], "excluded_lines": []}, "create_app.log_requests": {"executed_lines": [], "summary": {"covered_lines": 0, "num_statements": 7, "percent_covered": 0.0, "percent_covered_display": "0", "missing_lines": 7, "excluded_lines": 0}, "missing_lines": [219, 222, 225, 228, 229, 232, 234], "excluded_lines": []}, "create_app.root": {"executed_lines": [], "summary": {"covered_lines": 0, "num_statements": 2, "percent_covered": 0.0, "percent_covered_display": "0", "missing_lines": 2, "excluded_lines": 0}, "missing_lines": [248, 250], "excluded_lines": []}, "create_app.custom_openapi": {"executed_lines": [], "summary": {"covered_lines": 0, "num_statements": 6, "percent_covered": 0.0, "percent_covered_display": "0", "missing_lines": 6, "excluded_lines": 0}, "missing_lines": [273, 274, 276, 307, 311, 312], "excluded_lines": []}, "http_exception_handler": {"executed_lines": [], "summary": {"covered_lines": 0, "num_statements": 1, "percent_covered": 0.0, "percent_covered_display": "0", "missing_lines": 1, "excluded_lines": 0}, "missing_lines": [327], "excluded_lines": []}, "general_exception_handler": {"executed_lines": [], "summary": {"covered_lines": 0, "num_statements": 2, "percent_covered": 0.0, "percent_covered_display": "0", "missing_lines": 2, "excluded_lines": 0}, "missing_lines": [345, 347], "excluded_lines": []}, "run_server": {"executed_lines": [], "summary": {"covered_lines": 0, "num_statements": 2, "percent_covered": 0.0, "percent_covered_display": "0", "missing_lines": 2, "excluded_lines": 0}, "missing_lines": [364, 366], "excluded_lines": []}, "": {"executed_lines": [1, 6, 7, 8, 9, 10, 11, 13, 14, 15, 16, 17, 18, 20, 21], "summary": {"covered_lines": 14, "num_statements": 62, "percent_covered": 22.580645161290324, "percent_covered_display": "23", "missing_lines": 48, "excluded_lines": 0}, "missing_lines": [24, 31, 37, 40, 41, 42, 45, 48, 52, 53, 54, 55, 58, 59, 60, 61, 62, 63, 64, 67, 68, 69, 70, 73, 74, 77, 78, 81, 82, 84, 85, 86, 90, 91, 92, 93, 94, 97, 98, 183, 320, 324, 325, 342, 343, 362, 377, 378], "excluded_lines": []}}, "classes": {"LLMServerSettings": {"executed_lines": [], "summary": {"covered_lines": 0, "num_statements": 0, "percent_covered": 100.0, "percent_covered_display": "100", "missing_lines": 0, "excluded_lines": 0}, "missing_lines": [], "excluded_lines": []}, "LLMServerSettings.Config": {"executed_lines": [], "summary": {"covered_lines": 0, "num_statements": 0, "percent_covered": 100.0, "percent_covered_display": "100", "missing_lines": 0, "excluded_lines": 0}, "missing_lines": [], "excluded_lines": []}, "": {"executed_lines": [1, 6, 7, 8, 9, 10, 11, 13, 14, 15, 16, 17, 18, 20, 21], "summary": {"covered_lines": 14, "num_statements": 142, "percent_covered": 9.859154929577464, "percent_covered_display": "10", "missing_lines": 128, "excluded_lines": 0}, "missing_lines": [24, 31, 37, 40, 41, 42, 45, 48, 52, 53, 54, 55, 58, 59, 60, 61, 62, 63, 64, 67, 68, 69, 70, 73, 74, 77, 78, 81, 82, 84, 85, 86, 90, 91, 92, 93, 94, 97, 98, 102, 104, 105, 108, 109, 110, 111, 113, 114, 115, 116, 119, 120, 128, 131, 132, 133, 134, 137, 143, 146, 147, 148, 149, 150, 152, 155, 157, 158, 159, 163, 165, 166, 168, 169, 171, 172, 174, 175, 177, 178, 180, 183, 185, 188, 194, 205, 206, 214, 217, 218, 219, 222, 225, 228, 229, 232, 234, 237, 238, 239, 240, 242, 245, 246, 248, 250, 272, 273, 274, 276, 307, 311, 312, 314, 316, 320, 324, 325, 327, 342, 343, 345, 347, 362, 364, 366, 377, 378], "excluded_lines": []}}}, "apps/memory-server/api/__init__.py": {"executed_lines": [1, 6], "summary": {"covered_lines": 1, "num_statements": 4, "percent_covered": 25.0, "percent_covered_display": "25", "missing_lines": 3, "excluded_lines": 0}, "missing_lines": [7, 8, 10], "excluded_lines": [], "functions": {"": {"executed_lines": [1, 6], "summary": {"covered_lines": 1, "num_statements": 4, "percent_covered": 25.0, "percent_covered_display": "25", "missing_lines": 3, "excluded_lines": 0}, "missing_lines": [7, 8, 10], "excluded_lines": []}}, "classes": {"": {"executed_lines": [1, 6], "summary": {"covered_lines": 1, "num_statements": 4, "percent_covered": 25.0, "percent_covered_display": "25", "missing_lines": 3, "excluded_lines": 0}, "missing_lines": [7, 8, 10], "excluded_lines": []}}}, "apps/memory-server/api/main.py": {"executed_lines": [1, 6, 7, 8, 9, 11, 12, 13, 14, 15, 17, 18], "summary": {"covered_lines": 11, "num_statements": 82, "percent_covered": 13.414634146341463, "percent_covered_display": "13", "missing_lines": 71, "excluded_lines": 0}, "missing_lines": [19, 22, 23, 31, 32, 33, 36, 45, 46, 49, 51, 52, 53, 54, 56, 57, 58, 62, 63, 64, 67, 69, 71, 73, 74, 75, 76, 79, 80, 81, 82, 85, 86, 87, 94, 96, 97, 101, 102, 103, 106, 108, 109, 110, 112, 113, 115, 116, 118, 119, 123, 161, 164, 165, 183, 184, 185, 192, 195, 197, 225, 226, 228, 240, 241, 243, 245, 257, 259, 262, 264], "excluded_lines": [], "functions": {"lifespan": {"executed_lines": [], "summary": {"covered_lines": 0, "num_statements": 11, "percent_covered": 0.0, "percent_covered_display": "0", "missing_lines": 11, "excluded_lines": 0}, "missing_lines": [49, 51, 52, 53, 54, 56, 57, 58, 62, 63, 64], "excluded_lines": []}, "initialize_memory_server": {"executed_lines": [], "summary": {"covered_lines": 0, "num_statements": 19, "percent_covered": 0.0, "percent_covered_display": "0", "missing_lines": 19, "excluded_lines": 0}, "missing_lines": [69, 71, 73, 74, 75, 76, 79, 80, 81, 82, 85, 86, 87, 94, 96, 97, 101, 102, 103], "excluded_lines": []}, "cleanup_memory_server": {"executed_lines": [], "summary": {"covered_lines": 0, "num_statements": 9, "percent_covered": 0.0, "percent_covered_display": "0", "missing_lines": 9, "excluded_lines": 0}, "missing_lines": [108, 109, 110, 112, 113, 115, 116, 118, 119], "excluded_lines": []}, "root": {"executed_lines": [], "summary": {"covered_lines": 0, "num_statements": 1, "percent_covered": 0.0, "percent_covered_display": "0", "missing_lines": 1, "excluded_lines": 0}, "missing_lines": [197], "excluded_lines": []}, "http_exception_handler": {"executed_lines": [], "summary": {"covered_lines": 0, "num_statements": 1, "percent_covered": 0.0, "percent_covered_display": "0", "missing_lines": 1, "excluded_lines": 0}, "missing_lines": [228], "excluded_lines": []}, "general_exception_handler": {"executed_lines": [], "summary": {"covered_lines": 0, "num_statements": 2, "percent_covered": 0.0, "percent_covered_display": "0", "missing_lines": 2, "excluded_lines": 0}, "missing_lines": [243, 245], "excluded_lines": []}, "get_app_state": {"executed_lines": [], "summary": {"covered_lines": 0, "num_statements": 1, "percent_covered": 0.0, "percent_covered_display": "0", "missing_lines": 1, "excluded_lines": 0}, "missing_lines": [259], "excluded_lines": []}, "": {"executed_lines": [1, 6, 7, 8, 9, 11, 12, 13, 14, 15, 17, 18], "summary": {"covered_lines": 11, "num_statements": 38, "percent_covered": 28.94736842105263, "percent_covered_display": "29", "missing_lines": 27, "excluded_lines": 0}, "missing_lines": [19, 22, 23, 31, 32, 33, 36, 45, 46, 67, 106, 123, 161, 164, 165, 183, 184, 185, 192, 195, 225, 226, 240, 241, 257, 262, 264], "excluded_lines": []}}, "classes": {"": {"executed_lines": [1, 6, 7, 8, 9, 11, 12, 13, 14, 15, 17, 18], "summary": {"covered_lines": 11, "num_statements": 82, "percent_covered": 13.414634146341463, "percent_covered_display": "13", "missing_lines": 71, "excluded_lines": 0}, "missing_lines": [19, 22, 23, 31, 32, 33, 36, 45, 46, 49, 51, 52, 53, 54, 56, 57, 58, 62, 63, 64, 67, 69, 71, 73, 74, 75, 76, 79, 80, 81, 82, 85, 86, 87, 94, 96, 97, 101, 102, 103, 106, 108, 109, 110, 112, 113, 115, 116, 118, 119, 123, 161, 164, 165, 183, 184, 185, 192, 195, 197, 225, 226, 228, 240, 241, 243, 245, 257, 259, 262, 264], "excluded_lines": []}}}, "apps/memory-server/core/config.py": {"executed_lines": [1, 6, 7, 8, 9, 10, 11, 14, 17, 18, 19, 20, 21, 24, 25, 26, 27, 30, 31, 32, 38, 39, 40, 41, 42, 43, 46, 47, 48, 49, 50, 53, 54, 55, 56, 59, 60, 61, 62, 63, 64, 67, 68, 69, 70, 73, 74, 75, 76, 77, 80, 81, 82, 83, 86, 87, 88, 89, 90, 91, 94, 95, 96, 97, 98, 99, 100, 103, 104, 105, 106, 107, 110, 111, 112, 113, 116, 117, 118, 119, 122, 123, 124, 125, 126, 129, 130, 131, 132, 133, 138, 139, 140, 142, 145, 146, 147, 148, 149, 152, 154, 157, 160, 162, 164, 192, 193, 194, 211, 213, 216, 219, 223, 226, 230, 233, 237, 238, 239, 242, 247, 249, 265, 278, 287, 288, 313, 316, 320], "summary": {"covered_lines": 127, "num_statements": 183, "percent_covered": 69.39890710382514, "percent_covered_display": "69", "missing_lines": 56, "excluded_lines": 0}, "missing_lines": [195, 196, 197, 198, 199, 201, 202, 204, 206, 208, 209, 217, 220, 224, 227, 231, 234, 240, 243, 244, 245, 251, 259, 260, 262, 263, 267, 268, 269, 270, 271, 272, 273, 275, 276, 280, 282, 283, 285, 290, 292, 293, 296, 297, 299, 301, 302, 303, 305, 307, 308, 309, 318, 323, 324, 325], "excluded_lines": [], "functions": {"MemoryServerConfig.__post_init__": {"executed_lines": [145, 146, 147, 148, 149, 152, 154, 157, 160], "summary": {"covered_lines": 9, "num_statements": 9, "percent_covered": 100.0, "percent_covered_display": "100", "missing_lines": 0, "excluded_lines": 0}, "missing_lines": [], "excluded_lines": []}, "MemoryServerConfig._load_from_environment": {"executed_lines": [164, 192, 193, 194], "summary": {"covered_lines": 4, "num_statements": 15, "percent_covered": 26.666666666666668, "percent_covered_display": "27", "missing_lines": 11, "excluded_lines": 0}, "missing_lines": [195, 196, 197, 198, 199, 201, 202, 204, 206, 208, 209], "excluded_lines": []}, "MemoryServerConfig._validate_config": {"executed_lines": [213, 216, 219, 223, 226, 230, 233, 237, 238, 239, 242, 247], "summary": {"covered_lines": 12, "num_statements": 22, "percent_covered": 54.54545454545455, "percent_covered_display": "55", "missing_lines": 10, "excluded_lines": 0}, "missing_lines": [217, 220, 224, 227, 231, 234, 240, 243, 244, 245], "excluded_lines": []}, "MemoryServerConfig.get_model_path": {"executed_lines": [], "summary": {"covered_lines": 0, "num_statements": 5, "percent_covered": 0.0, "percent_covered_display": "0", "missing_lines": 5, "excluded_lines": 0}, "missing_lines": [251, 259, 260, 262, 263], "excluded_lines": []}, "MemoryServerConfig.to_dict": {"executed_lines": [], "summary": {"covered_lines": 0, "num_statements": 9, "percent_covered": 0.0, "percent_covered_display": "0", "missing_lines": 9, "excluded_lines": 0}, "missing_lines": [267, 268, 269, 270, 271, 272, 273, 275, 276], "excluded_lines": []}, "MemoryServerConfig.save_to_file": {"executed_lines": [], "summary": {"covered_lines": 0, "num_statements": 4, "percent_covered": 0.0, "percent_covered_display": "0", "missing_lines": 4, "excluded_lines": 0}, "missing_lines": [280, 282, 283, 285], "excluded_lines": []}, "MemoryServerConfig.load_from_file": {"executed_lines": [], "summary": {"covered_lines": 0, "num_statements": 13, "percent_covered": 0.0, "percent_covered_display": "0", "missing_lines": 13, "excluded_lines": 0}, "missing_lines": [290, 292, 293, 296, 297, 299, 301, 302, 303, 305, 307, 308, 309], "excluded_lines": []}, "get_config": {"executed_lines": [], "summary": {"covered_lines": 0, "num_statements": 1, "percent_covered": 0.0, "percent_covered_display": "0", "missing_lines": 1, "excluded_lines": 0}, "missing_lines": [318], "excluded_lines": []}, "reload_config": {"executed_lines": [], "summary": {"covered_lines": 0, "num_statements": 3, "percent_covered": 0.0, "percent_covered_display": "0", "missing_lines": 3, "excluded_lines": 0}, "missing_lines": [323, 324, 325], "excluded_lines": []}, "": {"executed_lines": [1, 6, 7, 8, 9, 10, 11, 14, 17, 18, 19, 20, 21, 24, 25, 26, 27, 30, 31, 32, 38, 39, 40, 41, 42, 43, 46, 47, 48, 49, 50, 53, 54, 55, 56, 59, 60, 61, 62, 63, 64, 67, 68, 69, 70, 73, 74, 75, 76, 77, 80, 81, 82, 83, 86, 87, 88, 89, 90, 91, 94, 95, 96, 97, 98, 99, 100, 103, 104, 105, 106, 107, 110, 111, 112, 113, 116, 117, 118, 119, 122, 123, 124, 125, 126, 129, 130, 131, 132, 133, 138, 139, 140, 142, 162, 211, 249, 265, 278, 287, 288, 313, 316, 320], "summary": {"covered_lines": 102, "num_statements": 102, "percent_covered": 100.0, "percent_covered_display": "100", "missing_lines": 0, "excluded_lines": 0}, "missing_lines": [], "excluded_lines": []}}, "classes": {"LogLevel": {"executed_lines": [], "summary": {"covered_lines": 0, "num_statements": 0, "percent_covered": 100.0, "percent_covered_display": "100", "missing_lines": 0, "excluded_lines": 0}, "missing_lines": [], "excluded_lines": []}, "VectorIndexType": {"executed_lines": [], "summary": {"covered_lines": 0, "num_statements": 0, "percent_covered": 100.0, "percent_covered_display": "100", "missing_lines": 0, "excluded_lines": 0}, "missing_lines": [], "excluded_lines": []}, "MemoryServerConfig": {"executed_lines": [145, 146, 147, 148, 149, 152, 154, 157, 160, 164, 192, 193, 194, 213, 216, 219, 223, 226, 230, 233, 237, 238, 239, 242, 247], "summary": {"covered_lines": 25, "num_statements": 77, "percent_covered": 32.467532467532465, "percent_covered_display": "32", "missing_lines": 52, "excluded_lines": 0}, "missing_lines": [195, 196, 197, 198, 199, 201, 202, 204, 206, 208, 209, 217, 220, 224, 227, 231, 234, 240, 243, 244, 245, 251, 259, 260, 262, 263, 267, 268, 269, 270, 271, 272, 273, 275, 276, 280, 282, 283, 285, 290, 292, 293, 296, 297, 299, 301, 302, 303, 305, 307, 308, 309], "excluded_lines": []}, "": {"executed_lines": [1, 6, 7, 8, 9, 10, 11, 14, 17, 18, 19, 20, 21, 24, 25, 26, 27, 30, 31, 32, 38, 39, 40, 41, 42, 43, 46, 47, 48, 49, 50, 53, 54, 55, 56, 59, 60, 61, 62, 63, 64, 67, 68, 69, 70, 73, 74, 75, 76, 77, 80, 81, 82, 83, 86, 87, 88, 89, 90, 91, 94, 95, 96, 97, 98, 99, 100, 103, 104, 105, 106, 107, 110, 111, 112, 113, 116, 117, 118, 119, 122, 123, 124, 125, 126, 129, 130, 131, 132, 133, 138, 139, 140, 142, 162, 211, 249, 265, 278, 287, 288, 313, 316, 320], "summary": {"covered_lines": 102, "num_statements": 106, "percent_covered": 96.22641509433963, "percent_covered_display": "96", "missing_lines": 4, "excluded_lines": 0}, "missing_lines": [318, 323, 324, 325], "excluded_lines": []}}}, "apps/memory-server/core/hybrid_store/__init__.py": {"executed_lines": [1, 6], "summary": {"covered_lines": 1, "num_statements": 5, "percent_covered": 20.0, "percent_covered_display": "20", "missing_lines": 4, "excluded_lines": 0}, "missing_lines": [7, 8, 9, 11], "excluded_lines": [], "functions": {"": {"executed_lines": [1, 6], "summary": {"covered_lines": 1, "num_statements": 5, "percent_covered": 20.0, "percent_covered_display": "20", "missing_lines": 4, "excluded_lines": 0}, "missing_lines": [7, 8, 9, 11], "excluded_lines": []}}, "classes": {"": {"executed_lines": [1, 6], "summary": {"covered_lines": 1, "num_statements": 5, "percent_covered": 20.0, "percent_covered_display": "20", "missing_lines": 4, "excluded_lines": 0}, "missing_lines": [7, 8, 9, 11], "excluded_lines": []}}}, "apps/memory-server/core/hybrid_store/vector_store.py": {"executed_lines": [1, 6, 7, 8, 9, 10, 12, 13, 14, 15, 17, 18], "summary": {"covered_lines": 11, "num_statements": 72, "percent_covered": 15.277777777777779, "percent_covered_display": "15", "missing_lines": 61, "excluded_lines": 0}, "missing_lines": [20, 22, 25, 26, 27, 28, 29, 30, 32, 34, 35, 36, 39, 40, 41, 43, 45, 47, 48, 49, 51, 52, 55, 58, 59, 60, 61, 62, 64, 65, 67, 69, 70, 71, 73, 74, 77, 78, 80, 81, 82, 83, 85, 87, 89, 90, 92, 93, 99, 101, 103, 104, 106, 107, 108, 109, 110, 111, 113, 115, 117], "excluded_lines": [], "functions": {"VectorStore.__init__": {"executed_lines": [], "summary": {"covered_lines": 0, "num_statements": 5, "percent_covered": 0.0, "percent_covered_display": "0", "missing_lines": 5, "excluded_lines": 0}, "missing_lines": [26, 27, 28, 29, 30], "excluded_lines": []}, "VectorStore.initialize": {"executed_lines": [], "summary": {"covered_lines": 0, "num_statements": 7, "percent_covered": 0.0, "percent_covered_display": "0", "missing_lines": 7, "excluded_lines": 0}, "missing_lines": [34, 35, 36, 39, 40, 41, 43], "excluded_lines": []}, "VectorStore.add_vectors": {"executed_lines": [], "summary": {"covered_lines": 0, "num_statements": 13, "percent_covered": 0.0, "percent_covered_display": "0", "missing_lines": 13, "excluded_lines": 0}, "missing_lines": [47, 48, 49, 51, 52, 55, 58, 59, 60, 61, 62, 64, 65], "excluded_lines": []}, "VectorStore.search": {"executed_lines": [], "summary": {"covered_lines": 0, "num_statements": 12, "percent_covered": 0.0, "percent_covered_display": "0", "missing_lines": 12, "excluded_lines": 0}, "missing_lines": [69, 70, 71, 73, 74, 77, 78, 80, 81, 82, 83, 85], "excluded_lines": []}, "VectorStore.save": {"executed_lines": [], "summary": {"covered_lines": 0, "num_statements": 5, "percent_covered": 0.0, "percent_covered_display": "0", "missing_lines": 5, "excluded_lines": 0}, "missing_lines": [89, 90, 92, 93, 99], "excluded_lines": []}, "VectorStore.load": {"executed_lines": [], "summary": {"covered_lines": 0, "num_statements": 9, "percent_covered": 0.0, "percent_covered_display": "0", "missing_lines": 9, "excluded_lines": 0}, "missing_lines": [103, 104, 106, 107, 108, 109, 110, 111, 113], "excluded_lines": []}, "VectorStore.get_stats": {"executed_lines": [], "summary": {"covered_lines": 0, "num_statements": 1, "percent_covered": 0.0, "percent_covered_display": "0", "missing_lines": 1, "excluded_lines": 0}, "missing_lines": [117], "excluded_lines": []}, "": {"executed_lines": [1, 6, 7, 8, 9, 10, 12, 13, 14, 15, 17, 18], "summary": {"covered_lines": 11, "num_statements": 20, "percent_covered": 55.0, "percent_covered_display": "55", "missing_lines": 9, "excluded_lines": 0}, "missing_lines": [20, 22, 25, 32, 45, 67, 87, 101, 115], "excluded_lines": []}}, "classes": {"VectorStore": {"executed_lines": [], "summary": {"covered_lines": 0, "num_statements": 52, "percent_covered": 0.0, "percent_covered_display": "0", "missing_lines": 52, "excluded_lines": 0}, "missing_lines": [26, 27, 28, 29, 30, 34, 35, 36, 39, 40, 41, 43, 47, 48, 49, 51, 52, 55, 58, 59, 60, 61, 62, 64, 65, 69, 70, 71, 73, 74, 77, 78, 80, 81, 82, 83, 85, 89, 90, 92, 93, 99, 103, 104, 106, 107, 108, 109, 110, 111, 113, 117], "excluded_lines": []}, "": {"executed_lines": [1, 6, 7, 8, 9, 10, 12, 13, 14, 15, 17, 18], "summary": {"covered_lines": 11, "num_statements": 20, "percent_covered": 55.0, "percent_covered_display": "55", "missing_lines": 9, "excluded_lines": 0}, "missing_lines": [20, 22, 25, 32, 45, 67, 87, 101, 115], "excluded_lines": []}}}, "apps/memory-server/core/late_chunking/__init__.py": {"executed_lines": [1, 6], "summary": {"covered_lines": 1, "num_statements": 5, "percent_covered": 20.0, "percent_covered_display": "20", "missing_lines": 4, "excluded_lines": 0}, "missing_lines": [7, 8, 9, 11], "excluded_lines": [], "functions": {"": {"executed_lines": [1, 6], "summary": {"covered_lines": 1, "num_statements": 5, "percent_covered": 20.0, "percent_covered_display": "20", "missing_lines": 4, "excluded_lines": 0}, "missing_lines": [7, 8, 9, 11], "excluded_lines": []}}, "classes": {"": {"executed_lines": [1, 6], "summary": {"covered_lines": 1, "num_statements": 5, "percent_covered": 20.0, "percent_covered_display": "20", "missing_lines": 4, "excluded_lines": 0}, "missing_lines": [7, 8, 9, 11], "excluded_lines": []}}}, "apps/memory-server/core/late_chunking/context_aware_chunker.py": {"executed_lines": [1, 6, 7, 8, 9, 10, 11, 12, 13, 15], "summary": {"covered_lines": 9, "num_statements": 276, "percent_covered": 3.260869565217391, "percent_covered_display": "3", "missing_lines": 267, "excluded_lines": 0}, "missing_lines": [16, 18, 19, 20, 21, 24, 25, 28, 29, 31, 32, 33, 34, 35, 36, 37, 38, 40, 42, 43, 44, 46, 48, 58, 60, 61, 62, 65, 76, 77, 80, 81, 82, 85, 86, 89, 92, 100, 102, 104, 106, 108, 109, 112, 115, 117, 118, 120, 127, 128, 129, 131, 133, 135, 137, 138, 144, 145, 148, 149, 150, 152, 158, 159, 160, 162, 164, 166, 168, 169, 174, 176, 177, 178, 180, 201, 204, 205, 206, 208, 215, 217, 218, 219, 220, 223, 225, 228, 229, 230, 231, 232, 233, 237, 245, 252, 254, 255, 257, 259, 261, 263, 265, 267, 279, 281, 282, 283, 285, 302, 304, 306, 307, 309, 310, 316, 319, 324, 328, 330, 331, 333, 334, 336, 338, 349, 354, 357, 359, 360, 363, 367, 368, 372, 373, 374, 376, 377, 378, 379, 380, 381, 384, 385, 387, 389, 390, 392, 393, 395, 403, 405, 410, 411, 413, 415, 416, 417, 419, 426, 427, 428, 430, 431, 432, 435, 437, 438, 439, 442, 443, 444, 446, 449, 451, 452, 454, 456, 465, 467, 468, 469, 470, 472, 474, 475, 477, 478, 480, 482, 483, 486, 489, 493, 509, 511, 512, 513, 515, 517, 525, 527, 530, 531, 534, 535, 536, 539, 540, 542, 544, 545, 547, 549, 550, 552, 553, 555, 556, 559, 560, 561, 562, 565, 566, 567, 569, 570, 572, 574, 576, 577, 579, 581, 582, 585, 586, 591, 593, 594, 595, 597, 605, 607, 609, 614, 615, 616, 617, 618, 621, 623, 636, 638, 640, 641, 642, 644, 646, 660, 662, 664, 666, 668, 670, 671, 672], "excluded_lines": [], "functions": {"Chunk.__post_init__": {"executed_lines": [], "summary": {"covered_lines": 0, "num_statements": 3, "percent_covered": 0.0, "percent_covered_display": "0", "missing_lines": 3, "excluded_lines": 0}, "missing_lines": [42, 43, 44], "excluded_lines": []}, "Chunk.to_dict": {"executed_lines": [], "summary": {"covered_lines": 0, "num_statements": 1, "percent_covered": 0.0, "percent_covered_display": "0", "missing_lines": 1, "excluded_lines": 0}, "missing_lines": [48], "excluded_lines": []}, "Chunk.get_context_window": {"executed_lines": [], "summary": {"covered_lines": 0, "num_statements": 3, "percent_covered": 0.0, "percent_covered_display": "0", "missing_lines": 3, "excluded_lines": 0}, "missing_lines": [60, 61, 62], "excluded_lines": []}, "LateChunkingEngine.__init__": {"executed_lines": [], "summary": {"covered_lines": 0, "num_statements": 8, "percent_covered": 0.0, "percent_covered_display": "0", "missing_lines": 8, "excluded_lines": 0}, "missing_lines": [77, 80, 81, 82, 85, 86, 89, 92], "excluded_lines": []}, "LateChunkingEngine.initialize": {"executed_lines": [], "summary": {"covered_lines": 0, "num_statements": 13, "percent_covered": 0.0, "percent_covered_display": "0", "missing_lines": 13, "excluded_lines": 0}, "missing_lines": [102, 104, 106, 108, 109, 112, 115, 117, 118, 120, 127, 128, 129], "excluded_lines": []}, "LateChunkingEngine._initialize_embedding_model": {"executed_lines": [], "summary": {"covered_lines": 0, "num_statements": 13, "percent_covered": 0.0, "percent_covered_display": "0", "missing_lines": 13, "excluded_lines": 0}, "missing_lines": [133, 135, 137, 138, 144, 145, 148, 149, 150, 152, 158, 159, 160], "excluded_lines": []}, "LateChunkingEngine._initialize_tokenizer": {"executed_lines": [], "summary": {"covered_lines": 0, "num_statements": 8, "percent_covered": 0.0, "percent_covered_display": "0", "missing_lines": 8, "excluded_lines": 0}, "missing_lines": [164, 166, 168, 169, 174, 176, 177, 178], "excluded_lines": []}, "LateChunkingEngine.process_document": {"executed_lines": [], "summary": {"covered_lines": 0, "num_statements": 24, "percent_covered": 0.0, "percent_covered_display": "0", "missing_lines": 24, "excluded_lines": 0}, "missing_lines": [201, 204, 205, 206, 208, 215, 217, 218, 219, 220, 223, 225, 228, 229, 230, 231, 232, 233, 237, 245, 252, 254, 255, 257], "excluded_lines": []}, "LateChunkingEngine._process_small_document": {"executed_lines": [], "summary": {"covered_lines": 0, "num_statements": 8, "percent_covered": 0.0, "percent_covered_display": "0", "missing_lines": 8, "excluded_lines": 0}, "missing_lines": [261, 263, 265, 267, 279, 281, 282, 283], "excluded_lines": []}, "LateChunkingEngine._late_chunking_process": {"executed_lines": [], "summary": {"covered_lines": 0, "num_statements": 15, "percent_covered": 0.0, "percent_covered_display": "0", "missing_lines": 15, "excluded_lines": 0}, "missing_lines": [302, 304, 306, 307, 309, 310, 316, 319, 324, 328, 330, 331, 333, 334, 336], "excluded_lines": []}, "LateChunkingEngine._generate_contextualized_token_embeddings": {"executed_lines": [], "summary": {"covered_lines": 0, "num_statements": 24, "percent_covered": 0.0, "percent_covered_display": "0", "missing_lines": 24, "excluded_lines": 0}, "missing_lines": [349, 354, 357, 359, 360, 363, 367, 368, 372, 373, 374, 376, 377, 378, 379, 380, 381, 384, 385, 387, 389, 390, 392, 393], "excluded_lines": []}, "LateChunkingEngine._calculate_chunk_boundaries": {"executed_lines": [], "summary": {"covered_lines": 0, "num_statements": 8, "percent_covered": 0.0, "percent_covered_display": "0", "missing_lines": 8, "excluded_lines": 0}, "missing_lines": [403, 405, 410, 411, 413, 415, 416, 417], "excluded_lines": []}, "LateChunkingEngine._simple_boundary_calculation": {"executed_lines": [], "summary": {"covered_lines": 0, "num_statements": 18, "percent_covered": 0.0, "percent_covered_display": "0", "missing_lines": 18, "excluded_lines": 0}, "missing_lines": [426, 427, 428, 430, 431, 432, 435, 437, 438, 439, 442, 443, 444, 446, 449, 451, 452, 454], "excluded_lines": []}, "LateChunkingEngine._create_chunks_from_token_embeddings": {"executed_lines": [], "summary": {"covered_lines": 0, "num_statements": 21, "percent_covered": 0.0, "percent_covered_display": "0", "missing_lines": 21, "excluded_lines": 0}, "missing_lines": [465, 467, 468, 469, 470, 472, 474, 475, 477, 478, 480, 482, 483, 486, 489, 493, 509, 511, 512, 513, 515], "excluded_lines": []}, "LateChunkingEngine._calculate_context_preservation_score": {"executed_lines": [], "summary": {"covered_lines": 0, "num_statements": 12, "percent_covered": 0.0, "percent_covered_display": "0", "missing_lines": 12, "excluded_lines": 0}, "missing_lines": [525, 527, 530, 531, 534, 535, 536, 539, 540, 542, 544, 545], "excluded_lines": []}, "LateChunkingEngine._split_into_segments": {"executed_lines": [], "summary": {"covered_lines": 0, "num_statements": 16, "percent_covered": 0.0, "percent_covered_display": "0", "missing_lines": 16, "excluded_lines": 0}, "missing_lines": [549, 550, 552, 553, 555, 556, 559, 560, 561, 562, 565, 566, 567, 569, 570, 572], "excluded_lines": []}, "LateChunkingEngine._generate_full_context_embedding": {"executed_lines": [], "summary": {"covered_lines": 0, "num_statements": 11, "percent_covered": 0.0, "percent_covered_display": "0", "missing_lines": 11, "excluded_lines": 0}, "missing_lines": [576, 577, 579, 581, 582, 585, 586, 591, 593, 594, 595], "excluded_lines": []}, "LateChunkingEngine._traditional_chunking": {"executed_lines": [], "summary": {"covered_lines": 0, "num_statements": 15, "percent_covered": 0.0, "percent_covered_display": "0", "missing_lines": 15, "excluded_lines": 0}, "missing_lines": [605, 607, 609, 614, 615, 616, 617, 618, 621, 623, 636, 638, 640, 641, 642], "excluded_lines": []}, "LateChunkingEngine.get_statistics": {"executed_lines": [], "summary": {"covered_lines": 0, "num_statements": 1, "percent_covered": 0.0, "percent_covered_display": "0", "missing_lines": 1, "excluded_lines": 0}, "missing_lines": [646], "excluded_lines": []}, "LateChunkingEngine.close": {"executed_lines": [], "summary": {"covered_lines": 0, "num_statements": 7, "percent_covered": 0.0, "percent_covered_display": "0", "missing_lines": 7, "excluded_lines": 0}, "missing_lines": [662, 664, 666, 668, 670, 671, 672], "excluded_lines": []}, "": {"executed_lines": [1, 6, 7, 8, 9, 10, 11, 12, 13, 15], "summary": {"covered_lines": 9, "num_statements": 47, "percent_covered": 19.148936170212767, "percent_covered_display": "19", "missing_lines": 38, "excluded_lines": 0}, "missing_lines": [16, 18, 19, 20, 21, 24, 25, 28, 29, 31, 32, 33, 34, 35, 36, 37, 38, 40, 46, 58, 65, 76, 100, 131, 162, 180, 259, 285, 338, 395, 419, 456, 517, 547, 574, 597, 644, 660], "excluded_lines": []}}, "classes": {"Chunk": {"executed_lines": [], "summary": {"covered_lines": 0, "num_statements": 7, "percent_covered": 0.0, "percent_covered_display": "0", "missing_lines": 7, "excluded_lines": 0}, "missing_lines": [42, 43, 44, 48, 60, 61, 62], "excluded_lines": []}, "LateChunkingEngine": {"executed_lines": [], "summary": {"covered_lines": 0, "num_statements": 222, "percent_covered": 0.0, "percent_covered_display": "0", "missing_lines": 222, "excluded_lines": 0}, "missing_lines": [77, 80, 81, 82, 85, 86, 89, 92, 102, 104, 106, 108, 109, 112, 115, 117, 118, 120, 127, 128, 129, 133, 135, 137, 138, 144, 145, 148, 149, 150, 152, 158, 159, 160, 164, 166, 168, 169, 174, 176, 177, 178, 201, 204, 205, 206, 208, 215, 217, 218, 219, 220, 223, 225, 228, 229, 230, 231, 232, 233, 237, 245, 252, 254, 255, 257, 261, 263, 265, 267, 279, 281, 282, 283, 302, 304, 306, 307, 309, 310, 316, 319, 324, 328, 330, 331, 333, 334, 336, 349, 354, 357, 359, 360, 363, 367, 368, 372, 373, 374, 376, 377, 378, 379, 380, 381, 384, 385, 387, 389, 390, 392, 393, 403, 405, 410, 411, 413, 415, 416, 417, 426, 427, 428, 430, 431, 432, 435, 437, 438, 439, 442, 443, 444, 446, 449, 451, 452, 454, 465, 467, 468, 469, 470, 472, 474, 475, 477, 478, 480, 482, 483, 486, 489, 493, 509, 511, 512, 513, 515, 525, 527, 530, 531, 534, 535, 536, 539, 540, 542, 544, 545, 549, 550, 552, 553, 555, 556, 559, 560, 561, 562, 565, 566, 567, 569, 570, 572, 576, 577, 579, 581, 582, 585, 586, 591, 593, 594, 595, 605, 607, 609, 614, 615, 616, 617, 618, 621, 623, 636, 638, 640, 641, 642, 646, 662, 664, 666, 668, 670, 671, 672], "excluded_lines": []}, "": {"executed_lines": [1, 6, 7, 8, 9, 10, 11, 12, 13, 15], "summary": {"covered_lines": 9, "num_statements": 47, "percent_covered": 19.148936170212767, "percent_covered_display": "19", "missing_lines": 38, "excluded_lines": 0}, "missing_lines": [16, 18, 19, 20, 21, 24, 25, 28, 29, 31, 32, 33, 34, 35, 36, 37, 38, 40, 46, 58, 65, 76, 100, 131, 162, 180, 259, 285, 338, 395, 419, 456, 517, 547, 574, 597, 644, 660], "excluded_lines": []}}}, "apps/memory-server/core/lazy_graph/__init__.py": {"executed_lines": [1, 6], "summary": {"covered_lines": 1, "num_statements": 5, "percent_covered": 20.0, "percent_covered_display": "20", "missing_lines": 4, "excluded_lines": 0}, "missing_lines": [7, 8, 9, 11], "excluded_lines": [], "functions": {"": {"executed_lines": [1, 6], "summary": {"covered_lines": 1, "num_statements": 5, "percent_covered": 20.0, "percent_covered_display": "20", "missing_lines": 4, "excluded_lines": 0}, "missing_lines": [7, 8, 9, 11], "excluded_lines": []}}, "classes": {"": {"executed_lines": [1, 6], "summary": {"covered_lines": 1, "num_statements": 5, "percent_covered": 20.0, "percent_covered_display": "20", "missing_lines": 4, "excluded_lines": 0}, "missing_lines": [7, 8, 9, 11], "excluded_lines": []}}}, "apps/memory-server/core/lazy_graph/lazy_indexer.py": {"executed_lines": [1, 6, 7, 8, 9, 10, 11, 12], "summary": {"covered_lines": 7, "num_statements": 235, "percent_covered": 2.978723404255319, "percent_covered_display": "3", "missing_lines": 228, "excluded_lines": 0}, "missing_lines": [13, 14, 15, 17, 18, 21, 22, 25, 26, 28, 29, 30, 31, 32, 33, 35, 37, 38, 40, 42, 50, 51, 53, 61, 72, 73, 74, 77, 78, 81, 82, 83, 84, 87, 95, 97, 99, 101, 103, 105, 106, 109, 112, 114, 115, 117, 123, 124, 125, 127, 129, 131, 133, 136, 137, 143, 144, 146, 152, 153, 154, 156, 158, 160, 161, 163, 169, 170, 172, 174, 175, 179, 181, 183, 184, 185, 187, 189, 191, 192, 193, 195, 196, 199, 200, 201, 202, 205, 206, 207, 208, 210, 214, 215, 216, 217, 219, 225, 226, 229, 234, 236, 238, 239, 240, 243, 244, 247, 250, 253, 256, 257, 258, 259, 262, 265, 266, 267, 269, 270, 272, 279, 286, 288, 289, 290, 292, 294, 296, 298, 300, 301, 304, 305, 307, 308, 309, 310, 312, 314, 315, 322, 330, 332, 333, 334, 336, 353, 355, 357, 358, 360, 363, 364, 367, 368, 371, 372, 373, 374, 376, 377, 378, 379, 381, 382, 384, 385, 387, 388, 396, 403, 405, 406, 407, 409, 411, 412, 414, 416, 418, 421, 422, 427, 429, 430, 432, 434, 437, 438, 439, 440, 442, 444, 445, 447, 449, 450, 453, 454, 455, 458, 470, 471, 472, 474, 475, 477, 484, 485, 486, 488, 490, 498, 501, 502, 503, 505, 506, 508, 510, 512, 514, 517, 519, 521, 522, 523], "excluded_lines": [], "functions": {"Document.__post_init__": {"executed_lines": [], "summary": {"covered_lines": 0, "num_statements": 2, "percent_covered": 0.0, "percent_covered_display": "0", "missing_lines": 2, "excluded_lines": 0}, "missing_lines": [37, 38], "excluded_lines": []}, "Document.to_dict": {"executed_lines": [], "summary": {"covered_lines": 0, "num_statements": 1, "percent_covered": 0.0, "percent_covered_display": "0", "missing_lines": 1, "excluded_lines": 0}, "missing_lines": [42], "excluded_lines": []}, "Document.from_dict": {"executed_lines": [], "summary": {"covered_lines": 0, "num_statements": 1, "percent_covered": 0.0, "percent_covered_display": "0", "missing_lines": 1, "excluded_lines": 0}, "missing_lines": [53], "excluded_lines": []}, "LazyGraphIndexer.__init__": {"executed_lines": [], "summary": {"covered_lines": 0, "num_statements": 10, "percent_covered": 0.0, "percent_covered_display": "0", "missing_lines": 10, "excluded_lines": 0}, "missing_lines": [73, 74, 77, 78, 81, 82, 83, 84, 87, 95], "excluded_lines": []}, "LazyGraphIndexer.initialize": {"executed_lines": [], "summary": {"covered_lines": 0, "num_statements": 13, "percent_covered": 0.0, "percent_covered_display": "0", "missing_lines": 13, "excluded_lines": 0}, "missing_lines": [99, 101, 103, 105, 106, 109, 112, 114, 115, 117, 123, 124, 125], "excluded_lines": []}, "LazyGraphIndexer._initialize_embedding_model": {"executed_lines": [], "summary": {"covered_lines": 0, "num_statements": 11, "percent_covered": 0.0, "percent_covered_display": "0", "missing_lines": 11, "excluded_lines": 0}, "missing_lines": [129, 131, 133, 136, 137, 143, 144, 146, 152, 153, 154], "excluded_lines": []}, "LazyGraphIndexer._initialize_vector_index": {"executed_lines": [], "summary": {"covered_lines": 0, "num_statements": 14, "percent_covered": 0.0, "percent_covered_display": "0", "missing_lines": 14, "excluded_lines": 0}, "missing_lines": [158, 160, 161, 163, 169, 170, 172, 174, 175, 179, 181, 183, 184, 185], "excluded_lines": []}, "LazyGraphIndexer._load_existing_data": {"executed_lines": [], "summary": {"covered_lines": 0, "num_statements": 22, "percent_covered": 0.0, "percent_covered_display": "0", "missing_lines": 22, "excluded_lines": 0}, "missing_lines": [189, 191, 192, 193, 195, 196, 199, 200, 201, 202, 205, 206, 207, 208, 210, 214, 215, 216, 217, 219, 225, 226], "excluded_lines": []}, "LazyGraphIndexer.index_document": {"executed_lines": [], "summary": {"covered_lines": 0, "num_statements": 26, "percent_covered": 0.0, "percent_covered_display": "0", "missing_lines": 26, "excluded_lines": 0}, "missing_lines": [234, 236, 238, 239, 240, 243, 244, 247, 250, 253, 256, 257, 258, 259, 262, 265, 266, 267, 269, 270, 272, 279, 286, 288, 289, 290], "excluded_lines": []}, "LazyGraphIndexer.index_documents": {"executed_lines": [], "summary": {"covered_lines": 0, "num_statements": 19, "percent_covered": 0.0, "percent_covered_display": "0", "missing_lines": 19, "excluded_lines": 0}, "missing_lines": [294, 296, 298, 300, 301, 304, 305, 307, 308, 309, 310, 312, 314, 315, 322, 330, 332, 333, 334], "excluded_lines": []}, "LazyGraphIndexer.vector_search": {"executed_lines": [], "summary": {"covered_lines": 0, "num_statements": 28, "percent_covered": 0.0, "percent_covered_display": "0", "missing_lines": 28, "excluded_lines": 0}, "missing_lines": [353, 355, 357, 358, 360, 363, 364, 367, 368, 371, 372, 373, 374, 376, 377, 378, 379, 381, 382, 384, 385, 387, 388, 396, 403, 405, 406, 407], "excluded_lines": []}, "LazyGraphIndexer._generate_embedding": {"executed_lines": [], "summary": {"covered_lines": 0, "num_statements": 11, "percent_covered": 0.0, "percent_covered_display": "0", "missing_lines": 11, "excluded_lines": 0}, "missing_lines": [411, 412, 414, 416, 418, 421, 422, 427, 429, 430, 432], "excluded_lines": []}, "LazyGraphIndexer._is_duplicate": {"executed_lines": [], "summary": {"covered_lines": 0, "num_statements": 4, "percent_covered": 0.0, "percent_covered_display": "0", "missing_lines": 4, "excluded_lines": 0}, "missing_lines": [437, 438, 439, 440], "excluded_lines": []}, "LazyGraphIndexer.save": {"executed_lines": [], "summary": {"covered_lines": 0, "num_statements": 18, "percent_covered": 0.0, "percent_covered_display": "0", "missing_lines": 18, "excluded_lines": 0}, "missing_lines": [444, 445, 447, 449, 450, 453, 454, 455, 458, 470, 471, 472, 474, 475, 477, 484, 485, 486], "excluded_lines": []}, "LazyGraphIndexer.get_statistics": {"executed_lines": [], "summary": {"covered_lines": 0, "num_statements": 1, "percent_covered": 0.0, "percent_covered_display": "0", "missing_lines": 1, "excluded_lines": 0}, "missing_lines": [490], "excluded_lines": []}, "LazyGraphIndexer._estimate_memory_usage": {"executed_lines": [], "summary": {"covered_lines": 0, "num_statements": 5, "percent_covered": 0.0, "percent_covered_display": "0", "missing_lines": 5, "excluded_lines": 0}, "missing_lines": [501, 502, 503, 505, 506], "excluded_lines": []}, "LazyGraphIndexer.close": {"executed_lines": [], "summary": {"covered_lines": 0, "num_statements": 8, "percent_covered": 0.0, "percent_covered_display": "0", "missing_lines": 8, "excluded_lines": 0}, "missing_lines": [510, 512, 514, 517, 519, 521, 522, 523], "excluded_lines": []}, "": {"executed_lines": [1, 6, 7, 8, 9, 10, 11, 12], "summary": {"covered_lines": 7, "num_statements": 41, "percent_covered": 17.073170731707318, "percent_covered_display": "17", "missing_lines": 34, "excluded_lines": 0}, "missing_lines": [13, 14, 15, 17, 18, 21, 22, 25, 26, 28, 29, 30, 31, 32, 33, 35, 40, 50, 51, 61, 72, 97, 127, 156, 187, 229, 292, 336, 409, 434, 442, 488, 498, 508], "excluded_lines": []}}, "classes": {"Document": {"executed_lines": [], "summary": {"covered_lines": 0, "num_statements": 4, "percent_covered": 0.0, "percent_covered_display": "0", "missing_lines": 4, "excluded_lines": 0}, "missing_lines": [37, 38, 42, 53], "excluded_lines": []}, "LazyGraphIndexer": {"executed_lines": [], "summary": {"covered_lines": 0, "num_statements": 190, "percent_covered": 0.0, "percent_covered_display": "0", "missing_lines": 190, "excluded_lines": 0}, "missing_lines": [73, 74, 77, 78, 81, 82, 83, 84, 87, 95, 99, 101, 103, 105, 106, 109, 112, 114, 115, 117, 123, 124, 125, 129, 131, 133, 136, 137, 143, 144, 146, 152, 153, 154, 158, 160, 161, 163, 169, 170, 172, 174, 175, 179, 181, 183, 184, 185, 189, 191, 192, 193, 195, 196, 199, 200, 201, 202, 205, 206, 207, 208, 210, 214, 215, 216, 217, 219, 225, 226, 234, 236, 238, 239, 240, 243, 244, 247, 250, 253, 256, 257, 258, 259, 262, 265, 266, 267, 269, 270, 272, 279, 286, 288, 289, 290, 294, 296, 298, 300, 301, 304, 305, 307, 308, 309, 310, 312, 314, 315, 322, 330, 332, 333, 334, 353, 355, 357, 358, 360, 363, 364, 367, 368, 371, 372, 373, 374, 376, 377, 378, 379, 381, 382, 384, 385, 387, 388, 396, 403, 405, 406, 407, 411, 412, 414, 416, 418, 421, 422, 427, 429, 430, 432, 437, 438, 439, 440, 444, 445, 447, 449, 450, 453, 454, 455, 458, 470, 471, 472, 474, 475, 477, 484, 485, 486, 490, 501, 502, 503, 505, 506, 510, 512, 514, 517, 519, 521, 522, 523], "excluded_lines": []}, "": {"executed_lines": [1, 6, 7, 8, 9, 10, 11, 12], "summary": {"covered_lines": 7, "num_statements": 41, "percent_covered": 17.073170731707318, "percent_covered_display": "17", "missing_lines": 34, "excluded_lines": 0}, "missing_lines": [13, 14, 15, 17, 18, 21, 22, 25, 26, 28, 29, 30, 31, 32, 33, 35, 40, 50, 51, 61, 72, 97, 127, 156, 187, 229, 292, 336, 409, 434, 442, 488, 498, 508], "excluded_lines": []}}}, "apps/memory-server/core/logging_config.py": {"executed_lines": [1, 6, 7, 8, 9, 10, 11, 12], "summary": {"covered_lines": 7, "num_statements": 102, "percent_covered": 6.862745098039215, "percent_covered_display": "7", "missing_lines": 95, "excluded_lines": 0}, "missing_lines": [13, 14, 16, 19, 37, 40, 42, 43, 46, 47, 50, 51, 54, 56, 57, 58, 64, 65, 68, 69, 70, 71, 72, 75, 76, 79, 88, 91, 92, 93, 96, 103, 104, 107, 108, 111, 112, 113, 114, 116, 119, 128, 138, 149, 154, 155, 156, 157, 159, 161, 162, 163, 165, 167, 168, 170, 171, 172, 174, 176, 177, 179, 180, 182, 183, 185, 186, 188, 189, 192, 197, 199, 200, 202, 203, 204, 207, 212, 213, 214, 216, 218, 225, 227, 234, 236, 237, 248, 250, 254, 256, 257, 259, 262, 264], "excluded_lines": [], "functions": {"setup_logging": {"executed_lines": [], "summary": {"covered_lines": 0, "num_statements": 36, "percent_covered": 0.0, "percent_covered_display": "0", "missing_lines": 36, "excluded_lines": 0}, "missing_lines": [37, 40, 42, 43, 46, 47, 50, 51, 54, 56, 57, 58, 64, 65, 68, 69, 70, 71, 72, 75, 76, 79, 88, 91, 92, 93, 96, 103, 104, 107, 108, 111, 112, 113, 114, 116], "excluded_lines": []}, "setup_structlog": {"executed_lines": [], "summary": {"covered_lines": 0, "num_statements": 2, "percent_covered": 0.0, "percent_covered_display": "0", "missing_lines": 2, "excluded_lines": 0}, "missing_lines": [128, 138], "excluded_lines": []}, "ContextualLogger.__init__": {"executed_lines": [], "summary": {"covered_lines": 0, "num_statements": 3, "percent_covered": 0.0, "percent_covered_display": "0", "missing_lines": 3, "excluded_lines": 0}, "missing_lines": [155, 156, 157], "excluded_lines": []}, "ContextualLogger.with_context": {"executed_lines": [], "summary": {"covered_lines": 0, "num_statements": 3, "percent_covered": 0.0, "percent_covered_display": "0", "missing_lines": 3, "excluded_lines": 0}, "missing_lines": [161, 162, 163], "excluded_lines": []}, "ContextualLogger._log_with_context": {"executed_lines": [], "summary": {"covered_lines": 0, "num_statements": 6, "percent_covered": 0.0, "percent_covered_display": "0", "missing_lines": 6, "excluded_lines": 0}, "missing_lines": [167, 168, 170, 171, 172, 174], "excluded_lines": []}, "ContextualLogger.debug": {"executed_lines": [], "summary": {"covered_lines": 0, "num_statements": 1, "percent_covered": 0.0, "percent_covered_display": "0", "missing_lines": 1, "excluded_lines": 0}, "missing_lines": [177], "excluded_lines": []}, "ContextualLogger.info": {"executed_lines": [], "summary": {"covered_lines": 0, "num_statements": 1, "percent_covered": 0.0, "percent_covered_display": "0", "missing_lines": 1, "excluded_lines": 0}, "missing_lines": [180], "excluded_lines": []}, "ContextualLogger.warning": {"executed_lines": [], "summary": {"covered_lines": 0, "num_statements": 1, "percent_covered": 0.0, "percent_covered_display": "0", "missing_lines": 1, "excluded_lines": 0}, "missing_lines": [183], "excluded_lines": []}, "ContextualLogger.error": {"executed_lines": [], "summary": {"covered_lines": 0, "num_statements": 1, "percent_covered": 0.0, "percent_covered_display": "0", "missing_lines": 1, "excluded_lines": 0}, "missing_lines": [186], "excluded_lines": []}, "ContextualLogger.exception": {"executed_lines": [], "summary": {"covered_lines": 0, "num_statements": 1, "percent_covered": 0.0, "percent_covered_display": "0", "missing_lines": 1, "excluded_lines": 0}, "missing_lines": [189], "excluded_lines": []}, "ComponentLogger.get_logger": {"executed_lines": [], "summary": {"covered_lines": 0, "num_statements": 3, "percent_covered": 0.0, "percent_covered_display": "0", "missing_lines": 3, "excluded_lines": 0}, "missing_lines": [202, 203, 204], "excluded_lines": []}, "PerformanceLogger.__init__": {"executed_lines": [], "summary": {"covered_lines": 0, "num_statements": 2, "percent_covered": 0.0, "percent_covered_display": "0", "missing_lines": 2, "excluded_lines": 0}, "missing_lines": [213, 214], "excluded_lines": []}, "PerformanceLogger.log_timing": {"executed_lines": [], "summary": {"covered_lines": 0, "num_statements": 1, "percent_covered": 0.0, "percent_covered_display": "0", "missing_lines": 1, "excluded_lines": 0}, "missing_lines": [218], "excluded_lines": []}, "PerformanceLogger.log_memory": {"executed_lines": [], "summary": {"covered_lines": 0, "num_statements": 1, "percent_covered": 0.0, "percent_covered_display": "0", "missing_lines": 1, "excluded_lines": 0}, "missing_lines": [227], "excluded_lines": []}, "PerformanceLogger.log_throughput": {"executed_lines": [], "summary": {"covered_lines": 0, "num_statements": 2, "percent_covered": 0.0, "percent_covered_display": "0", "missing_lines": 2, "excluded_lines": 0}, "missing_lines": [236, 237], "excluded_lines": []}, "get_logger": {"executed_lines": [], "summary": {"covered_lines": 0, "num_statements": 4, "percent_covered": 0.0, "percent_covered_display": "0", "missing_lines": 4, "excluded_lines": 0}, "missing_lines": [254, 256, 257, 259], "excluded_lines": []}, "get_performance_logger": {"executed_lines": [], "summary": {"covered_lines": 0, "num_statements": 1, "percent_covered": 0.0, "percent_covered_display": "0", "missing_lines": 1, "excluded_lines": 0}, "missing_lines": [264], "excluded_lines": []}, "": {"executed_lines": [1, 6, 7, 8, 9, 10, 11, 12], "summary": {"covered_lines": 7, "num_statements": 33, "percent_covered": 21.21212121212121, "percent_covered_display": "21", "missing_lines": 26, "excluded_lines": 0}, "missing_lines": [13, 14, 16, 19, 119, 149, 154, 159, 165, 176, 179, 182, 185, 188, 192, 197, 199, 200, 207, 212, 216, 225, 234, 248, 250, 262], "excluded_lines": []}}, "classes": {"ContextualLogger": {"executed_lines": [], "summary": {"covered_lines": 0, "num_statements": 17, "percent_covered": 0.0, "percent_covered_display": "0", "missing_lines": 17, "excluded_lines": 0}, "missing_lines": [155, 156, 157, 161, 162, 163, 167, 168, 170, 171, 172, 174, 177, 180, 183, 186, 189], "excluded_lines": []}, "ComponentLogger": {"executed_lines": [], "summary": {"covered_lines": 0, "num_statements": 3, "percent_covered": 0.0, "percent_covered_display": "0", "missing_lines": 3, "excluded_lines": 0}, "missing_lines": [202, 203, 204], "excluded_lines": []}, "PerformanceLogger": {"executed_lines": [], "summary": {"covered_lines": 0, "num_statements": 6, "percent_covered": 0.0, "percent_covered_display": "0", "missing_lines": 6, "excluded_lines": 0}, "missing_lines": [213, 214, 218, 227, 236, 237], "excluded_lines": []}, "": {"executed_lines": [1, 6, 7, 8, 9, 10, 11, 12], "summary": {"covered_lines": 7, "num_statements": 76, "percent_covered": 9.210526315789474, "percent_covered_display": "9", "missing_lines": 69, "excluded_lines": 0}, "missing_lines": [13, 14, 16, 19, 37, 40, 42, 43, 46, 47, 50, 51, 54, 56, 57, 58, 64, 65, 68, 69, 70, 71, 72, 75, 76, 79, 88, 91, 92, 93, 96, 103, 104, 107, 108, 111, 112, 113, 114, 116, 119, 128, 138, 149, 154, 159, 165, 176, 179, 182, 185, 188, 192, 197, 199, 200, 207, 212, 216, 225, 234, 248, 250, 254, 256, 257, 259, 262, 264], "excluded_lines": []}}}, "bin/start_ai_server.py": {"executed_lines": [2, 7, 8, 9, 10, 11, 12, 15, 16, 18, 19, 21, 22, 23, 24, 26, 37, 39, 40, 41, 47, 48, 49, 50, 51, 52, 54, 56, 57, 58, 64, 65, 66, 67, 68, 69, 71, 73, 74, 76, 78, 83, 84, 85, 86, 87, 90, 91, 93, 143, 145, 148, 149, 150, 152, 153, 155, 166], "summary": {"covered_lines": 56, "num_statements": 86, "percent_covered": 65.11627906976744, "percent_covered_display": "65", "missing_lines": 30, "excluded_lines": 0}, "missing_lines": [28, 29, 30, 31, 32, 33, 34, 35, 89, 95, 101, 104, 105, 108, 109, 112, 113, 116, 117, 119, 137, 138, 139, 140, 141, 157, 160, 161, 164, 167], "excluded_lines": [], "functions": {"AIServerManager.__init__": {"executed_lines": [22, 23, 24], "summary": {"covered_lines": 3, "num_statements": 3, "percent_covered": 100.0, "percent_covered_display": "100", "missing_lines": 0, "excluded_lines": 0}, "missing_lines": [], "excluded_lines": []}, "AIServerManager.start_model_watcher": {"executed_lines": [], "summary": {"covered_lines": 0, "num_statements": 8, "percent_covered": 0.0, "percent_covered_display": "0", "missing_lines": 8, "excluded_lines": 0}, "missing_lines": [28, 29, 30, 31, 32, 33, 34, 35], "excluded_lines": []}, "AIServerManager.start_memory_server": {"executed_lines": [39, 40, 41, 47, 48, 49, 50, 51, 52], "summary": {"covered_lines": 9, "num_statements": 9, "percent_covered": 100.0, "percent_covered_display": "100", "missing_lines": 0, "excluded_lines": 0}, "missing_lines": [], "excluded_lines": []}, "AIServerManager.start_llm_server": {"executed_lines": [56, 57, 58, 64, 65, 66, 67, 68, 69], "summary": {"covered_lines": 9, "num_statements": 9, "percent_covered": 100.0, "percent_covered_display": "100", "missing_lines": 0, "excluded_lines": 0}, "missing_lines": [], "excluded_lines": []}, "AIServerManager.check_services_health": {"executed_lines": [73, 74, 76, 78, 83, 84, 85, 86, 87, 90, 91], "summary": {"covered_lines": 11, "num_statements": 12, "percent_covered": 91.66666666666667, "percent_covered_display": "92", "missing_lines": 1, "excluded_lines": 0}, "missing_lines": [89], "excluded_lines": []}, "AIServerManager.start_all": {"executed_lines": [], "summary": {"covered_lines": 0, "num_statements": 16, "percent_covered": 0.0, "percent_covered_display": "0", "missing_lines": 16, "excluded_lines": 0}, "missing_lines": [95, 101, 104, 105, 108, 109, 112, 113, 116, 117, 119, 137, 138, 139, 140, 141], "excluded_lines": []}, "AIServerManager.shutdown": {"executed_lines": [145, 148, 149, 150, 152, 153], "summary": {"covered_lines": 6, "num_statements": 6, "percent_covered": 100.0, "percent_covered_display": "100", "missing_lines": 0, "excluded_lines": 0}, "missing_lines": [], "excluded_lines": []}, "main": {"executed_lines": [], "summary": {"covered_lines": 0, "num_statements": 4, "percent_covered": 0.0, "percent_covered_display": "0", "missing_lines": 4, "excluded_lines": 0}, "missing_lines": [157, 160, 161, 164], "excluded_lines": []}, "": {"executed_lines": [2, 7, 8, 9, 10, 11, 12, 15, 16, 18, 19, 21, 26, 37, 54, 71, 93, 143, 155, 166], "summary": {"covered_lines": 18, "num_statements": 19, "percent_covered": 94.73684210526316, "percent_covered_display": "95", "missing_lines": 1, "excluded_lines": 0}, "missing_lines": [167], "excluded_lines": []}}, "classes": {"AIServerManager": {"executed_lines": [22, 23, 24, 39, 40, 41, 47, 48, 49, 50, 51, 52, 56, 57, 58, 64, 65, 66, 67, 68, 69, 73, 74, 76, 78, 83, 84, 85, 86, 87, 90, 91, 145, 148, 149, 150, 152, 153], "summary": {"covered_lines": 38, "num_statements": 63, "percent_covered": 60.317460317460316, "percent_covered_display": "60", "missing_lines": 25, "excluded_lines": 0}, "missing_lines": [28, 29, 30, 31, 32, 33, 34, 35, 89, 95, 101, 104, 105, 108, 109, 112, 113, 116, 117, 119, 137, 138, 139, 140, 141], "excluded_lines": []}, "": {"executed_lines": [2, 7, 8, 9, 10, 11, 12, 15, 16, 18, 19, 21, 26, 37, 54, 71, 93, 143, 155, 166], "summary": {"covered_lines": 18, "num_statements": 23, "percent_covered": 78.26086956521739, "percent_covered_display": "78", "missing_lines": 5, "excluded_lines": 0}, "missing_lines": [157, 160, 161, 164, 167], "excluded_lines": []}}}}, "totals": {"covered_lines": 253, "num_statements": 1377, "percent_covered": 18.373275236020334, "percent_covered_display": "18", "missing_lines": 1124, "excluded_lines": 0}}